<?xml version="1.0" encoding="UTF-8"?>
<!-- Generated by org.testng.reporters.JUnitXMLReporter -->
<testsuite ignored="0" hostname="DESKTOP-MT3EN7A" failures="1" tests="1" name="Test Basics 1" time="7.955" errors="0" timestamp="2021-10-03T14:20:47 IST">
  <testcase classname="test.maven" name="testngTest" time="7.92">
    <failure type="java.lang.AssertionError" message="expected [testing] but found [Google]">
      <![CDATA[java.lang.AssertionError: expected [testing] but found [Google]
at test.maven.testngTest(maven.java:32)
at java.base/java.util.ArrayList.forEach(ArrayList.java:1511)
... Removed 33 stack frames]]>
    </failure>
  </testcase> <!-- testngTest -->
</testsuite> <!-- Test Basics 1 -->
